#
# A fatal error has been detected by the Java Runtime Environment:
#
#  SIGSEGV (0xb) at pc=0x00007fff54e54f49, pid=3851, tid=0x0000000000009e0b
#
# JRE version: Java(TM) SE Runtime Environment (8.0_191-b12) (build 1.8.0_191-b12)
# Java VM: Java HotSpot(TM) 64-Bit Server VM (25.191-b12 mixed mode bsd-amd64 compressed oops)
# Problematic frame:
# C  [libsystem_platform.dylib+0x4f49]  _platform_memmove$VARIANT$Haswell+0x29
#
# Failed to write core dump. Core dumps have been disabled. To enable core dumping, try "ulimit -c unlimited" before starting Java again
#
# If you would like to submit a bug report, please visit:
#   http://bugreport.java.com/bugreport/crash.jsp
# The crash happened outside the Java Virtual Machine in native code.
# See problematic frame for where to report the bug.
#

---------------  T H R E A D  ---------------

Current thread (0x00007fc7bf8e6800):  JavaThread "Thread-24" [_thread_in_native, id=40459, stack(0x0000700003625000,0x0000700003725000)]

siginfo: si_signo: 11 (SIGSEGV), si_code: 1 (SEGV_MAPERR), si_addr: 0x000000012190c000

Registers:
RAX=0x00007fc7befd2200, RBX=0x0000000121901907, RCX=0x0000000000005e71, RDX=0x0000000000006300
RSP=0x00007000037211e0, RBP=0x00007000037211e0, RSI=0x000000012190c000, RDI=0x00007fc7befd268f
R8 =0x00000000000000c0, R9 =0x0000000000003e00, R10=0x0000000000000000, R11=0x00007fc69d6c668f
R12=0x0000000000000000, R13=0x00000000682f6e61, R14=0x00007fc7befd2200, R15=0x0000000000006300
RIP=0x00007fff54e54f49, EFLAGS=0x0000000000010206, ERR=0x0000000000000004
  TRAPNO=0x000000000000000e

Top of Stack: (sp=0x00007000037211e0)
0x00007000037211e0:   0000700003721250 00000001056e2399
0x00007000037211f0:   000000bb00000000 0000000000000000
0x0000700003721200:   0000000000006300 00007fc7bebc1a00
0x0000700003721210:   000000000000a181 00007fc7bdd24570
0x0000700003721220:   00007fc7c08f7f60 00007fc7bdd24570
0x0000700003721230:   00007fc7be19b800 0000000000000330
0x0000700003721240:   00000000c535e202 00007fc7c039c8d0
0x0000700003721250:   00007000037212b0 00000001056e252d
0x0000700003721260:   00007000037212eb 00007000037212ea
0x0000700003721270:   0000001b00000000 0000001c018e6800
0x0000700003721280:   00007000037212ce 0000700003721718
0x0000700003721290:   000000000000001c 00007000037212ce
0x00007000037212a0:   00007fc7bdd24570 00007fc7bf8e69f8
0x00007000037212b0:   0000700003721700 00000001056e1238
0x00007000037212c0:   0000000774d61ac8 6f63000700000001
0x00007000037212d0:   6176686e69742f6d 7361622f64682f6e
0x00007000037212e0:   616c632e514d2f65 0000000600007373
0x00007000037212f0:   0000000000000000 00000006c000e1e8
0x0000700003721300:   0000000000000000 0000700003010160
0x0000700003721310:   0000000000000000 00007000037212c8
0x0000700003721320:   0000700003721309 0000000800000002
0x0000700003721330:   0000000000000000 00007fc7c0218e00
0x0000700003721340:   00007fc7bdfa9b60 00007fc7bdfa9b70
0x0000700003721350:   00007fc7bdfa9f48 00000000000003d8
0x0000700003721360:   0000000104e36ff0 000000011e855890
0x0000700003721370:   0000000000000000 0000000000000000
0x0000700003721380:   0000000000000000 00000006c000e1e8
0x0000700003721390:   000000011e053470 00007fc7bf8e6800
0x00007000037213a0:   000000011e053470 00007fc7bf8e6800
0x00007000037213b0:   000000011e053470 00007fc7bf8e6800
0x00007000037213c0:   000000011e053470 000000011e053470
0x00007000037213d0:   000000011e053470 00007fc7bdd106d0 

Instructions: (pc=0x00007fff54e54f49)
0x00007fff54e54f29:   f3 48 89 f8 49 39 d3 72 1b 48 83 fa 60 76 2f 48
0x00007fff54e54f39:   81 fa 00 40 00 00 0f 82 cb 00 00 00 48 89 d1 fc
0x00007fff54e54f49:   f3 a4 5d c3 48 39 fe 74 f9 48 01 d6 48 01 d7 48
0x00007fff54e54f59:   83 fa 60 0f 82 8c 01 00 00 e9 a9 01 00 00 48 83 

Register to memory mapping:

RAX=0x00007fc7befd2200 is an unknown value
RBX=0x0000000121901907 is an unknown value
RCX=0x0000000000005e71 is an unknown value
RDX=0x0000000000006300 is an unknown value
RSP=0x00007000037211e0 is pointing into the stack for thread: 0x00007fc7bf8e6800
RBP=0x00007000037211e0 is pointing into the stack for thread: 0x00007fc7bf8e6800
RSI=0x000000012190c000 is an unknown value
RDI=0x00007fc7befd268f is an unknown value
R8 =0x00000000000000c0 is an unknown value
R9 =0x0000000000003e00 is an unknown value
R10=0x0000000000000000 is an unknown value
R11=0x00007fc69d6c668f is an unknown value
R12=0x0000000000000000 is an unknown value
R13=0x00000000682f6e61 is an unknown value
R14=0x00007fc7befd2200 is an unknown value
R15=0x0000000000006300 is an unknown value


Stack: [0x0000700003625000,0x0000700003725000],  sp=0x00007000037211e0,  free space=1008k
Native frames: (J=compiled Java code, j=interpreted, Vv=VM code, C=native code)
C  [libsystem_platform.dylib+0x4f49]  _platform_memmove$VARIANT$Haswell+0x29
C  [libzip.dylib+0x3399]  newEntry+0x65b
C  [libzip.dylib+0x352d]  ZIP_GetEntry2+0xd4
C  [libzip.dylib+0x2238]  Java_java_util_zip_ZipFile_getEntry+0xcf
J 245  java.util.zip.ZipFile.getEntry(J[BZ)J (0 bytes) @ 0x000000010584c6ce [0x000000010584c600+0xce]
J 464 C1 java.util.zip.ZipFile.getEntry(Ljava/lang/String;)Ljava/util/zip/ZipEntry; (101 bytes) @ 0x000000010589f634 [0x000000010589f4e0+0x154]
J 614 C1 java.util.jar.JarFile.getEntry(Ljava/lang/String;)Ljava/util/zip/ZipEntry; (22 bytes) @ 0x00000001058ec3cc [0x00000001058ec380+0x4c]
J 626 C1 sun.misc.URLClassPath$JarLoader.getResource(Ljava/lang/String;Z)Lsun/misc/Resource; (85 bytes) @ 0x00000001058f0fe4 [0x00000001058f0f20+0xc4]
J 552 C1 sun.misc.URLClassPath.getResource(Ljava/lang/String;Z)Lsun/misc/Resource; (83 bytes) @ 0x00000001058c2464 [0x00000001058c23e0+0x84]
J 696 C1 java.net.URLClassLoader$1.run()Ljava/lang/Class; (63 bytes) @ 0x000000010591265c [0x00000001059125c0+0x9c]
J 695 C1 java.net.URLClassLoader$1.run()Ljava/lang/Object; (5 bytes) @ 0x00000001059122bc [0x0000000105912280+0x3c]
v  ~StubRoutines::call_stub
V  [libjvm.dylib+0x2ef9fe]
V  [libjvm.dylib+0x3502f4]
J 471  java.security.AccessController.doPrivileged(Ljava/security/PrivilegedExceptionAction;Ljava/security/AccessControlContext;)Ljava/lang/Object; (0 bytes) @ 0x00000001058a4c55 [0x00000001058a4b80+0xd5]
J 609 C1 java.net.URLClassLoader.findClass(Ljava/lang/String;)Ljava/lang/Class; (47 bytes) @ 0x00000001058eab24 [0x00000001058eaa60+0xc4]
j  java.lang.ClassLoader.loadClass(Ljava/lang/String;Z)Ljava/lang/Class;+70
J 592 C1 sun.misc.Launcher$AppClassLoader.loadClass(Ljava/lang/String;Z)Ljava/lang/Class; (85 bytes) @ 0x00000001058dc7c4 [0x00000001058dc4c0+0x304]
J 591 C1 java.lang.ClassLoader.loadClass(Ljava/lang/String;)Ljava/lang/Class; (7 bytes) @ 0x00000001058dc15c [0x00000001058dc100+0x5c]
v  ~StubRoutines::call_stub
V  [libjvm.dylib+0x2ef9fe]
V  [libjvm.dylib+0x2f01a2]
V  [libjvm.dylib+0x2f02fa]
V  [libjvm.dylib+0x5405f6]
V  [libjvm.dylib+0x53fdbe]
V  [libjvm.dylib+0x540812]
V  [libjvm.dylib+0x540ec5]
V  [libjvm.dylib+0x1e3fda]
V  [libjvm.dylib+0x454342]
V  [libjvm.dylib+0x3cd4f2]
V  [libjvm.dylib+0x3d0cca]
V  [libjvm.dylib+0x3d0def]
V  [libjvm.dylib+0x2e9e12]
j  com.tinhvan.hd.base.Log.publishLog(ILjava/lang/String;[Ljava/lang/Object;)Lcom/tinhvan/hd/base/enities/LogEntity;+23
j  com.tinhvan.hd.base.Log.debug(Ljava/lang/String;[Ljava/lang/Object;)V+3
j  com.tinhvan.hd.base.HDContext.onShutDown()V+6
v  ~StubRoutines::call_stub
V  [libjvm.dylib+0x2ef9fe]
V  [libjvm.dylib+0x4d6524]
V  [libjvm.dylib+0x4d6a58]
V  [libjvm.dylib+0x347f4c]
J 1796  sun.reflect.NativeMethodAccessorImpl.invoke0(Ljava/lang/reflect/Method;Ljava/lang/Object;[Ljava/lang/Object;)Ljava/lang/Object; (0 bytes) @ 0x0000000105b1d32d [0x0000000105b1d240+0xed]
J 1795 C1 sun.reflect.NativeMethodAccessorImpl.invoke(Ljava/lang/Object;[Ljava/lang/Object;)Ljava/lang/Object; (104 bytes) @ 0x0000000105b1ee0c [0x0000000105b1ea20+0x3ec]
J 1582 C1 sun.reflect.DelegatingMethodAccessorImpl.invoke(Ljava/lang/Object;[Ljava/lang/Object;)Ljava/lang/Object; (10 bytes) @ 0x0000000105a90be4 [0x0000000105a90b80+0x64]
J 1581 C1 java.lang.reflect.Method.invoke(Ljava/lang/Object;[Ljava/lang/Object;)Ljava/lang/Object; (62 bytes) @ 0x0000000105a8fedc [0x0000000105a8fda0+0x13c]
j  org.springframework.beans.factory.annotation.InitDestroyAnnotationBeanPostProcessor$LifecycleElement.invoke(Ljava/lang/Object;)V+16
j  org.springframework.beans.factory.annotation.InitDestroyAnnotationBeanPostProcessor$LifecycleMetadata.invokeDestroyMethods(Ljava/lang/Object;Ljava/lang/String;)V+122
j  org.springframework.beans.factory.annotation.InitDestroyAnnotationBeanPostProcessor.postProcessBeforeDestruction(Ljava/lang/Object;Ljava/lang/String;)V+12
j  org.springframework.beans.factory.support.DisposableBeanAdapter.destroy()V+48
j  org.springframework.beans.factory.support.DefaultSingletonBeanRegistry.destroyBean(Ljava/lang/String;Lorg/springframework/beans/factory/DisposableBean;)V+133
j  org.springframework.beans.factory.support.DefaultSingletonBeanRegistry.destroySingleton(Ljava/lang/String;)V+41
j  org.springframework.beans.factory.support.DefaultListableBeanFactory.destroySingleton(Ljava/lang/String;)V+2
j  org.springframework.beans.factory.support.DefaultSingletonBeanRegistry.destroySingletons()V+105
j  org.springframework.beans.factory.support.DefaultListableBeanFactory.destroySingletons()V+1
j  org.springframework.context.support.AbstractApplicationContext.destroyBeans()V+4
j  org.springframework.context.support.AbstractApplicationContext.doClose()V+127
j  org.springframework.context.support.AbstractApplicationContext$1.run()V+14
v  ~StubRoutines::call_stub
V  [libjvm.dylib+0x2ef9fe]
V  [libjvm.dylib+0x2f01a2]
V  [libjvm.dylib+0x2f034e]
V  [libjvm.dylib+0x34ac3d]
V  [libjvm.dylib+0x56f83f]
V  [libjvm.dylib+0x570f3a]
V  [libjvm.dylib+0x48e0be]
C  [libsystem_pthread.dylib+0x3661]  _pthread_body+0x154
C  [libsystem_pthread.dylib+0x350d]  _pthread_body+0x0
C  [libsystem_pthread.dylib+0x2bf9]  thread_start+0xd
C  0x0000000000000000

Java frames: (J=compiled Java code, j=interpreted, Vv=VM code)
J 245  java.util.zip.ZipFile.getEntry(J[BZ)J (0 bytes) @ 0x000000010584c658 [0x000000010584c600+0x58]
J 464 C1 java.util.zip.ZipFile.getEntry(Ljava/lang/String;)Ljava/util/zip/ZipEntry; (101 bytes) @ 0x000000010589f634 [0x000000010589f4e0+0x154]
J 614 C1 java.util.jar.JarFile.getEntry(Ljava/lang/String;)Ljava/util/zip/ZipEntry; (22 bytes) @ 0x00000001058ec3cc [0x00000001058ec380+0x4c]
J 626 C1 sun.misc.URLClassPath$JarLoader.getResource(Ljava/lang/String;Z)Lsun/misc/Resource; (85 bytes) @ 0x00000001058f0fe4 [0x00000001058f0f20+0xc4]
J 552 C1 sun.misc.URLClassPath.getResource(Ljava/lang/String;Z)Lsun/misc/Resource; (83 bytes) @ 0x00000001058c2464 [0x00000001058c23e0+0x84]
J 696 C1 java.net.URLClassLoader$1.run()Ljava/lang/Class; (63 bytes) @ 0x000000010591265c [0x00000001059125c0+0x9c]
J 695 C1 java.net.URLClassLoader$1.run()Ljava/lang/Object; (5 bytes) @ 0x00000001059122bc [0x0000000105912280+0x3c]
v  ~StubRoutines::call_stub
J 471  java.security.AccessController.doPrivileged(Ljava/security/PrivilegedExceptionAction;Ljava/security/AccessControlContext;)Ljava/lang/Object; (0 bytes) @ 0x00000001058a4be3 [0x00000001058a4b80+0x63]
J 609 C1 java.net.URLClassLoader.findClass(Ljava/lang/String;)Ljava/lang/Class; (47 bytes) @ 0x00000001058eab24 [0x00000001058eaa60+0xc4]
j  java.lang.ClassLoader.loadClass(Ljava/lang/String;Z)Ljava/lang/Class;+70
J 592 C1 sun.misc.Launcher$AppClassLoader.loadClass(Ljava/lang/String;Z)Ljava/lang/Class; (85 bytes) @ 0x00000001058dc7c4 [0x00000001058dc4c0+0x304]
J 591 C1 java.lang.ClassLoader.loadClass(Ljava/lang/String;)Ljava/lang/Class; (7 bytes) @ 0x00000001058dc15c [0x00000001058dc100+0x5c]
v  ~StubRoutines::call_stub
j  com.tinhvan.hd.base.Log.publishLog(ILjava/lang/String;[Ljava/lang/Object;)Lcom/tinhvan/hd/base/enities/LogEntity;+23
j  com.tinhvan.hd.base.Log.debug(Ljava/lang/String;[Ljava/lang/Object;)V+3
j  com.tinhvan.hd.base.HDContext.onShutDown()V+6
v  ~StubRoutines::call_stub
J 1796  sun.reflect.NativeMethodAccessorImpl.invoke0(Ljava/lang/reflect/Method;Ljava/lang/Object;[Ljava/lang/Object;)Ljava/lang/Object; (0 bytes) @ 0x0000000105b1d2b7 [0x0000000105b1d240+0x77]
J 1795 C1 sun.reflect.NativeMethodAccessorImpl.invoke(Ljava/lang/Object;[Ljava/lang/Object;)Ljava/lang/Object; (104 bytes) @ 0x0000000105b1ee0c [0x0000000105b1ea20+0x3ec]
J 1582 C1 sun.reflect.DelegatingMethodAccessorImpl.invoke(Ljava/lang/Object;[Ljava/lang/Object;)Ljava/lang/Object; (10 bytes) @ 0x0000000105a90be4 [0x0000000105a90b80+0x64]
J 1581 C1 java.lang.reflect.Method.invoke(Ljava/lang/Object;[Ljava/lang/Object;)Ljava/lang/Object; (62 bytes) @ 0x0000000105a8fedc [0x0000000105a8fda0+0x13c]
j  org.springframework.beans.factory.annotation.InitDestroyAnnotationBeanPostProcessor$LifecycleElement.invoke(Ljava/lang/Object;)V+16
j  org.springframework.beans.factory.annotation.InitDestroyAnnotationBeanPostProcessor$LifecycleMetadata.invokeDestroyMethods(Ljava/lang/Object;Ljava/lang/String;)V+122
j  org.springframework.beans.factory.annotation.InitDestroyAnnotationBeanPostProcessor.postProcessBeforeDestruction(Ljava/lang/Object;Ljava/lang/String;)V+12
j  org.springframework.beans.factory.support.DisposableBeanAdapter.destroy()V+48
j  org.springframework.beans.factory.support.DefaultSingletonBeanRegistry.destroyBean(Ljava/lang/String;Lorg/springframework/beans/factory/DisposableBean;)V+133
j  org.springframework.beans.factory.support.DefaultSingletonBeanRegistry.destroySingleton(Ljava/lang/String;)V+41
j  org.springframework.beans.factory.support.DefaultListableBeanFactory.destroySingleton(Ljava/lang/String;)V+2
j  org.springframework.beans.factory.support.DefaultSingletonBeanRegistry.destroySingletons()V+105
j  org.springframework.beans.factory.support.DefaultListableBeanFactory.destroySingletons()V+1
j  org.springframework.context.support.AbstractApplicationContext.destroyBeans()V+4
j  org.springframework.context.support.AbstractApplicationContext.doClose()V+127
j  org.springframework.context.support.AbstractApplicationContext$1.run()V+14
v  ~StubRoutines::call_stub

---------------  P R O C E S S  ---------------

Java Threads: ( => current thread )
=>0x00007fc7bf8e6800 JavaThread "Thread-24" [_thread_in_native, id=40459, stack(0x0000700003625000,0x0000700003725000)]
  0x00007fc7bf8e5000 JavaThread "SIGINT handler" daemon [_thread_blocked, id=14091, stack(0x0000700002c07000,0x0000700002d07000)]
  0x00007fc7be000000 JavaThread "DestroyJavaVM" [_thread_blocked, id=9731, stack(0x0000700002269000,0x0000700002369000)]
  0x00007fc7bee9e800 JavaThread "http-nio-8080-Acceptor" daemon [_thread_in_native, id=27651, stack(0x0000700004e6d000,0x0000700004f6d000)]
  0x00007fc7bf74a000 JavaThread "http-nio-8080-ClientPoller" daemon [_thread_in_native, id=27139, stack(0x0000700004d6a000,0x0000700004e6a000)]
  0x00007fc7be0c1800 JavaThread "http-nio-8080-exec-10" daemon [_thread_blocked, id=37891, stack(0x0000700004c67000,0x0000700004d67000)]
  0x00007fc7bf747000 JavaThread "http-nio-8080-exec-9" daemon [_thread_blocked, id=38147, stack(0x0000700004b64000,0x0000700004c64000)]
  0x00007fc7bf746800 JavaThread "http-nio-8080-exec-8" daemon [_thread_blocked, id=26371, stack(0x0000700004a61000,0x0000700004b61000)]
  0x00007fc7bf423800 JavaThread "http-nio-8080-exec-7" daemon [_thread_blocked, id=38403, stack(0x000070000495e000,0x0000700004a5e000)]
  0x00007fc7bee9d800 JavaThread "http-nio-8080-exec-6" daemon [_thread_blocked, id=38915, stack(0x000070000485b000,0x000070000495b000)]
  0x00007fc7be0b6000 JavaThread "http-nio-8080-exec-5" daemon [_thread_blocked, id=39171, stack(0x0000700004758000,0x0000700004858000)]
  0x00007fc7bfb1a800 JavaThread "http-nio-8080-exec-4" daemon [_thread_blocked, id=25603, stack(0x0000700004655000,0x0000700004755000)]
  0x00007fc7bf939000 JavaThread "http-nio-8080-exec-3" daemon [_thread_blocked, id=39683, stack(0x0000700004552000,0x0000700004652000)]
  0x00007fc7bfb01800 JavaThread "http-nio-8080-exec-2" daemon [_thread_blocked, id=24835, stack(0x000070000444f000,0x000070000454f000)]
  0x00007fc7be08f000 JavaThread "http-nio-8080-exec-1" daemon [_thread_blocked, id=39939, stack(0x000070000434c000,0x000070000444c000)]
  0x00007fc7bf745800 JavaThread "http-nio-8080-BlockPoller" daemon [_thread_in_native, id=24071, stack(0x0000700004249000,0x0000700004349000)]
  0x00007fc7bf71e000 JavaThread "Live Reload Server" daemon [_thread_in_native, id=13339, stack(0x0000700004043000,0x0000700004143000)]
  0x00007fc7bfb3b000 JavaThread "HikariPool-1 housekeeper" daemon [_thread_blocked, id=40963, stack(0x0000700003e3d000,0x0000700003f3d000)]
  0x00007fc7bed6d800 JavaThread "PostgreSQL-JDBC-SharedTimer-1" daemon [_thread_blocked, id=41223, stack(0x0000700003d3a000,0x0000700003e3a000)]
  0x00007fc7bfb3f000 JavaThread "container-0" [_thread_blocked, id=41475, stack(0x0000700003c37000,0x0000700003d37000)]
  0x00007fc7be4c9800 JavaThread "Catalina-utility-2" [_thread_blocked, id=22535, stack(0x0000700003b34000,0x0000700003c34000)]
  0x00007fc7be4c8800 JavaThread "Catalina-utility-1" [_thread_blocked, id=42019, stack(0x000070000382b000,0x000070000392b000)]
  0x00007fc7bfa0e800 JavaThread "RMI Scheduler(0)" daemon [_thread_blocked, id=22787, stack(0x0000700003a31000,0x0000700003b31000)]
  0x00007fc7be21b000 JavaThread "Attach Listener" daemon [_thread_blocked, id=15875, stack(0x0000700003522000,0x0000700003622000)]
  0x00007fc7beaa9800 JavaThread "RMI TCP Accept-0" daemon [_thread_in_native, id=15363, stack(0x000070000331c000,0x000070000341c000)]
  0x00007fc7bf11d000 JavaThread "Service Thread" daemon [_thread_blocked, id=14851, stack(0x0000700003219000,0x0000700003319000)]
  0x00007fc7be1b3000 JavaThread "C1 CompilerThread2" daemon [_thread_blocked, id=16643, stack(0x0000700003116000,0x0000700003216000)]
  0x00007fc7bf114000 JavaThread "C2 CompilerThread1" daemon [_thread_blocked, id=17155, stack(0x0000700003013000,0x0000700003113000)]
  0x00007fc7be1b2800 JavaThread "C2 CompilerThread0" daemon [_thread_blocked, id=14339, stack(0x0000700002f10000,0x0000700003010000)]
  0x00007fc7bf80a000 JavaThread "JDWP Event Helper Thread" daemon [_thread_blocked, id=18435, stack(0x0000700002d0a000,0x0000700002e0a000)]
  0x00007fc7be82b800 JavaThread "Signal Dispatcher" daemon [_thread_blocked, id=13579, stack(0x0000700002b04000,0x0000700002c04000)]
  0x00007fc7be827000 JavaThread "Finalizer" daemon [_thread_blocked, id=11779, stack(0x000070000297e000,0x0000700002a7e000)]
  0x00007fc7bf007800 JavaThread "Reference Handler" daemon [_thread_blocked, id=11523, stack(0x000070000287b000,0x000070000297b000)]

Other Threads:
  0x00007fc7bf824800 VMThread [stack: 0x0000700002778000,0x0000700002878000] [id=11267]
  0x00007fc7bf18f000 WatcherThread [stack: 0x000070000341f000,0x000070000351f000] [id=16131]

VM state:not at safepoint (normal execution)

VM Mutex/Monitor currently owned by a thread: None

Heap:
 PSYoungGen      total 342528K, used 180841K [0x000000076ab00000, 0x0000000781d80000, 0x00000007c0000000)
  eden space 328704K, 50% used [0x000000076ab00000,0x0000000774e1d7b8,0x000000077ec00000)
  from space 13824K, 99% used [0x0000000781000000,0x0000000781d7cd48,0x0000000781d80000)
  to   space 17920K, 0% used [0x000000077fa80000,0x000000077fa80000,0x0000000780c00000)
 ParOldGen       total 140288K, used 21434K [0x00000006c0000000, 0x00000006c8900000, 0x000000076ab00000)
  object space 140288K, 15% used [0x00000006c0000000,0x00000006c14ee8e0,0x00000006c8900000)
 Metaspace       used 55008K, capacity 57394K, committed 57728K, reserved 1099776K
  class space    used 7500K, capacity 7957K, committed 8064K, reserved 1048576K

Card table byte_map: [0x0000000114aa8000,0x00000001152a9000] byte_map_base: 0x00000001114a8000

Marking Bits: (ParMarkBitMap*) 0x0000000104ef9e00
 Begin Bits: [0x00000001157ff000, 0x00000001197ff000)
 End Bits:   [0x00000001197ff000, 0x000000011d7ff000)

Polling page: 0x0000000103df7000

CodeCache: size=245760Kb used=9545Kb max_used=9545Kb free=236214Kb
 bounds [0x00000001056e8000, 0x0000000106048000, 0x00000001146e8000]
 total_blobs=5139 nmethods=4608 adapters=452
 compilation: enabled

Compilation events (10 events):
Event: 687.041 Thread 0x00007fc7be1b3000 nmethod 4690 0x00000001060398d0 code [0x0000000106039a40, 0x0000000106039ba8]
Event: 687.041 Thread 0x00007fc7be1b3000 4692       1       java.util.concurrent.ConcurrentHashMap::putIfAbsent (8 bytes)
Event: 687.041 Thread 0x00007fc7be1b3000 nmethod 4692 0x0000000106039c10 code [0x0000000106039d80, 0x0000000106039ec8]
Event: 687.043 Thread 0x00007fc7be1b3000 4693       1       java.util.concurrent.ConcurrentHashMap$MapEntry::getValue (5 bytes)
Event: 687.043 Thread 0x00007fc7be1b3000 nmethod 4693 0x0000000106039f50 code [0x000000010603a0a0, 0x000000010603a1b0]
Event: 687.044 Thread 0x00007fc7be1b3000 4688       1       java.util.logging.LogManager$LoggerContext::ensureInitialized (24 bytes)
Event: 687.045 Thread 0x00007fc7be1b3000 nmethod 4688 0x000000010603a210 code [0x000000010603a3a0, 0x000000010603a588]
Event: 687.045 Thread 0x00007fc7be1b3000 4694   !   1       java.util.concurrent.ConcurrentHashMap::clear (176 bytes)
Event: 687.046 Thread 0x00007fc7be1b3000 nmethod 4694 0x000000010603a710 code [0x000000010603a8c0, 0x000000010603ae98]
Event: 687.046 Thread 0x00007fc7be1b3000 4695   !   1       java.util.concurrent.ConcurrentHashMap::replaceNode (416 bytes)

GC Heap History (10 events):
Event: 3.406 GC heap before
{Heap before GC invocations=6 (full 1):
 PSYoungGen      total 141824K, used 131072K [0x000000076ab00000, 0x0000000774000000, 0x00000007c0000000)
  eden space 131072K, 100% used [0x000000076ab00000,0x0000000772b00000,0x0000000772b00000)
  from space 10752K, 0% used [0x0000000773580000,0x0000000773580000,0x0000000774000000)
  to   space 10752K, 0% used [0x0000000772b00000,0x0000000772b00000,0x0000000773580000)
 ParOldGen       total 92160K, used 5858K [0x00000006c0000000, 0x00000006c5a00000, 0x000000076ab00000)
  object space 92160K, 6% used [0x00000006c0000000,0x00000006c05b88f0,0x00000006c5a00000)
 Metaspace       used 24196K, capacity 25066K, committed 25216K, reserved 1071104K
  class space    used 3193K, capacity 3400K, committed 3456K, reserved 1048576K
Event: 3.415 GC heap after
Heap after GC invocations=6 (full 1):
 PSYoungGen      total 141824K, used 7044K [0x000000076ab00000, 0x0000000779180000, 0x00000007c0000000)
  eden space 131072K, 0% used [0x000000076ab00000,0x000000076ab00000,0x0000000772b00000)
  from space 10752K, 65% used [0x0000000772b00000,0x00000007731e1248,0x0000000773580000)
  to   space 9728K, 0% used [0x0000000778800000,0x0000000778800000,0x0000000779180000)
 ParOldGen       total 92160K, used 5930K [0x00000006c0000000, 0x00000006c5a00000, 0x000000076ab00000)
  object space 92160K, 6% used [0x00000006c0000000,0x00000006c05ca900,0x00000006c5a00000)
 Metaspace       used 24196K, capacity 25066K, committed 25216K, reserved 1071104K
  class space    used 3193K, capacity 3400K, committed 3456K, reserved 1048576K
}
Event: 4.490 GC heap before
{Heap before GC invocations=7 (full 1):
 PSYoungGen      total 141824K, used 138093K [0x000000076ab00000, 0x0000000779180000, 0x00000007c0000000)
  eden space 131072K, 99% used [0x000000076ab00000,0x0000000772afa410,0x0000000772b00000)
  from space 10752K, 65% used [0x0000000772b00000,0x00000007731e1248,0x0000000773580000)
  to   space 9728K, 0% used [0x0000000778800000,0x0000000778800000,0x0000000779180000)
 ParOldGen       total 92160K, used 5930K [0x00000006c0000000, 0x00000006c5a00000, 0x000000076ab00000)
  object space 92160K, 6% used [0x00000006c0000000,0x00000006c05ca900,0x00000006c5a00000)
 Metaspace       used 31293K, capacity 32830K, committed 33024K, reserved 1077248K
  class space    used 4170K, capacity 4524K, committed 4608K, reserved 1048576K
Event: 4.508 GC heap after
Heap after GC invocations=7 (full 1):
 PSYoungGen      total 223232K, used 9714K [0x000000076ab00000, 0x0000000779480000, 0x00000007c0000000)
  eden space 213504K, 0% used [0x000000076ab00000,0x000000076ab00000,0x0000000777b80000)
  from space 9728K, 99% used [0x0000000778800000,0x000000077917c8d8,0x0000000779180000)
  to   space 12800K, 0% used [0x0000000777b80000,0x0000000777b80000,0x0000000778800000)
 ParOldGen       total 92160K, used 8965K [0x00000006c0000000, 0x00000006c5a00000, 0x000000076ab00000)
  object space 92160K, 9% used [0x00000006c0000000,0x00000006c08c15e8,0x00000006c5a00000)
 Metaspace       used 31293K, capacity 32830K, committed 33024K, reserved 1077248K
  class space    used 4170K, capacity 4524K, committed 4608K, reserved 1048576K
}
Event: 5.039 GC heap before
{Heap before GC invocations=8 (full 1):
 PSYoungGen      total 223232K, used 106980K [0x000000076ab00000, 0x0000000779480000, 0x00000007c0000000)
  eden space 213504K, 45% used [0x000000076ab00000,0x00000007709fc9a0,0x0000000777b80000)
  from space 9728K, 99% used [0x0000000778800000,0x000000077917c8d8,0x0000000779180000)
  to   space 12800K, 0% used [0x0000000777b80000,0x0000000777b80000,0x0000000778800000)
 ParOldGen       total 92160K, used 8965K [0x00000006c0000000, 0x00000006c5a00000, 0x000000076ab00000)
  object space 92160K, 9% used [0x00000006c0000000,0x00000006c08c15e8,0x00000006c5a00000)
 Metaspace       used 33808K, capacity 35386K, committed 35496K, reserved 1079296K
  class space    used 4451K, capacity 4810K, committed 4864K, reserved 1048576K
Event: 5.056 GC heap after
Heap after GC invocations=8 (full 1):
 PSYoungGen      total 226304K, used 11549K [0x000000076ab00000, 0x0000000781d80000, 0x00000007c0000000)
  eden space 213504K, 0% used [0x000000076ab00000,0x000000076ab00000,0x0000000777b80000)
  from space 12800K, 90% used [0x0000000777b80000,0x00000007786c77f0,0x0000000778800000)
  to   space 13824K, 0% used [0x0000000781000000,0x0000000781000000,0x0000000781d80000)
 ParOldGen       total 92160K, used 8973K [0x00000006c0000000, 0x00000006c5a00000, 0x000000076ab00000)
  object space 92160K, 9% used [0x00000006c0000000,0x00000006c08c35e8,0x00000006c5a00000)
 Metaspace       used 33808K, capacity 35386K, committed 35496K, reserved 1079296K
  class space    used 4451K, capacity 4810K, committed 4864K, reserved 1048576K
}
Event: 5.056 GC heap before
{Heap before GC invocations=9 (full 2):
 PSYoungGen      total 226304K, used 11549K [0x000000076ab00000, 0x0000000781d80000, 0x00000007c0000000)
  eden space 213504K, 0% used [0x000000076ab00000,0x000000076ab00000,0x0000000777b80000)
  from space 12800K, 90% used [0x0000000777b80000,0x00000007786c77f0,0x0000000778800000)
  to   space 13824K, 0% used [0x0000000781000000,0x0000000781000000,0x0000000781d80000)
 ParOldGen       total 92160K, used 8973K [0x00000006c0000000, 0x00000006c5a00000, 0x000000076ab00000)
  object space 92160K, 9% used [0x00000006c0000000,0x00000006c08c35e8,0x00000006c5a00000)
 Metaspace       used 33808K, capacity 35386K, committed 35496K, reserved 1079296K
  class space    used 4451K, capacity 4810K, committed 4864K, reserved 1048576K
Event: 5.114 GC heap after
Heap after GC invocations=9 (full 2):
 PSYoungGen      total 226304K, used 0K [0x000000076ab00000, 0x0000000781d80000, 0x00000007c0000000)
  eden space 213504K, 0% used [0x000000076ab00000,0x000000076ab00000,0x0000000777b80000)
  from space 12800K, 0% used [0x0000000777b80000,0x0000000777b80000,0x0000000778800000)
  to   space 13824K, 0% used [0x0000000781000000,0x0000000781000000,0x0000000781d80000)
 ParOldGen       total 140288K, used 16405K [0x00000006c0000000, 0x00000006c8900000, 0x000000076ab00000)
  object space 140288K, 11% used [0x00000006c0000000,0x00000006c1005728,0x00000006c8900000)
 Metaspace       used 33808K, capacity 35386K, committed 35496K, reserved 1079296K
  class space    used 4451K, capacity 4810K, committed 4864K, reserved 1048576K
}
Event: 8.082 GC heap before
{Heap before GC invocations=10 (full 2):
 PSYoungGen      total 226304K, used 213504K [0x000000076ab00000, 0x0000000781d80000, 0x00000007c0000000)
  eden space 213504K, 100% used [0x000000076ab00000,0x0000000777b80000,0x0000000777b80000)
  from space 12800K, 0% used [0x0000000777b80000,0x0000000777b80000,0x0000000778800000)
  to   space 13824K, 0% used [0x0000000781000000,0x0000000781000000,0x0000000781d80000)
 ParOldGen       total 140288K, used 16405K [0x00000006c0000000, 0x00000006c8900000, 0x000000076ab00000)
  object space 140288K, 11% used [0x00000006c0000000,0x00000006c1005728,0x00000006c8900000)
 Metaspace       used 48706K, capacity 50716K, committed 50944K, reserved 1093632K
  class space    used 6743K, capacity 7150K, committed 7168K, reserved 1048576K
Event: 8.107 GC heap after
Heap after GC invocations=10 (full 2):
 PSYoungGen      total 342528K, used 13811K [0x000000076ab00000, 0x0000000781d80000, 0x00000007c0000000)
  eden space 328704K, 0% used [0x000000076ab00000,0x000000076ab00000,0x000000077ec00000)
  from space 13824K, 99% used [0x0000000781000000,0x0000000781d7cd48,0x0000000781d80000)
  to   space 17920K, 0% used [0x000000077fa80000,0x000000077fa80000,0x0000000780c00000)
 ParOldGen       total 140288K, used 21434K [0x00000006c0000000, 0x00000006c8900000, 0x000000076ab00000)
  object space 140288K, 15% used [0x00000006c0000000,0x00000006c14ee8e0,0x00000006c8900000)
 Metaspace       used 48706K, capacity 50716K, committed 50944K, reserved 1093632K
  class space    used 6743K, capacity 7150K, committed 7168K, reserved 1048576K
}

Deoptimization events (0 events):
No events

Classes redefined (0 events):
No events

Internal exceptions (10 events):
Event: 8.409 Thread 0x00007fc7beaee800 Exception <a 'java/lang/ClassNotFoundException': org/springframework/context/ApplicationContextAwareCustomizer> (0x000000076d005270) thrown at [/Users/java_re/workspace/8-2-build-macosx-x86_64/jdk8u191/11896/hotspot/src/share/vm/classfile/systemDictionary
Event: 8.410 Thread 0x00007fc7beaee800 Exception <a 'java/lang/ClassNotFoundException': org/springframework/beans/factory/AwareCustomizer> (0x000000076d01f920) thrown at [/Users/java_re/workspace/8-2-build-macosx-x86_64/jdk8u191/11896/hotspot/src/share/vm/classfile/systemDictionary.cpp, line 2
Event: 8.410 Thread 0x00007fc7beaee800 Exception <a 'java/lang/ClassNotFoundException': org/springframework/context/ApplicationEventPublisherAwareCustomizer> (0x000000076d03f018) thrown at [/Users/java_re/workspace/8-2-build-macosx-x86_64/jdk8u191/11896/hotspot/src/share/vm/classfile/systemDic
Event: 8.411 Thread 0x00007fc7beaee800 Exception <a 'java/lang/ClassNotFoundException': org/springframework/beans/factory/AwareCustomizer> (0x000000076d059760) thrown at [/Users/java_re/workspace/8-2-build-macosx-x86_64/jdk8u191/11896/hotspot/src/share/vm/classfile/systemDictionary.cpp, line 2
Event: 8.411 Thread 0x00007fc7beaee800 Exception <a 'java/lang/ClassNotFoundException': org/springframework/context/ApplicationListenerCustomizer> (0x000000076d075120) thrown at [/Users/java_re/workspace/8-2-build-macosx-x86_64/jdk8u191/11896/hotspot/src/share/vm/classfile/systemDictionary.cpp
Event: 8.411 Thread 0x00007fc7beaee800 Exception <a 'java/lang/ClassNotFoundException': java/util/EventListenerCustomizer> (0x000000076d080920) thrown at [/Users/java_re/workspace/8-2-build-macosx-x86_64/jdk8u191/11896/hotspot/src/share/vm/classfile/systemDictionary.cpp, line 210]
Event: 89.708 Thread 0x00007fc7be08f000 Exception <a 'java/lang/ArrayIndexOutOfBoundsException': 40> (0x0000000770fe11b0) thrown at [/Users/java_re/workspace/8-2-build-macosx-x86_64/jdk8u191/11896/hotspot/src/share/vm/interpreter/interpreterRuntime.cpp, line 366]
Event: 89.832 Thread 0x00007fc7be08f000 Exception <a 'java/lang/ArrayIndexOutOfBoundsException': 7> (0x000000077126a1e8) thrown at [/Users/java_re/workspace/8-2-build-macosx-x86_64/jdk8u191/11896/hotspot/src/share/vm/interpreter/interpreterRuntime.cpp, line 366]
Event: 89.861 Thread 0x00007fc7be08f000 Exception <a 'java/lang/ArrayIndexOutOfBoundsException': 5> (0x00000007713283c0) thrown at [/Users/java_re/workspace/8-2-build-macosx-x86_64/jdk8u191/11896/hotspot/src/share/vm/interpreter/interpreterRuntime.cpp, line 366]
Event: 687.042 Thread 0x00007fc7bf742000 Exception <a 'java/lang/InterruptedException': sleep interrupted> (0x0000000774337238) thrown at [/Users/java_re/workspace/8-2-build-macosx-x86_64/jdk8u191/11896/hotspot/src/share/vm/prims/jvm.cpp, line 3273]

Events (10 events):
Event: 687.043 Thread 0x00007fc7bf8e6800 DEOPT PACKING pc=0x00000001058eabd1 sp=0x0000700003723080
Event: 687.043 Thread 0x00007fc7bf8e6800 DEOPT UNPACKING pc=0x000000010572f784 sp=0x0000700003722e00 mode 1
Event: 687.045 loading class org/springframework/amqp/rabbit/connection/CachingConnectionFactory$ChannelCachingConnectionProxy
Event: 687.045 loading class org/springframework/amqp/rabbit/connection/CachingConnectionFactory$ChannelCachingConnectionProxy done
Event: 687.045 loading class org/springframework/amqp/rabbit/connection/CachingConnectionFactory$ChannelCachingConnectionProxy
Event: 687.045 loading class org/springframework/amqp/rabbit/connection/CachingConnectionFactory$ChannelCachingConnectionProxy done
Event: 687.046 loading class com/tinhvan/hd/base/MQ
Event: 687.046 loading class com/tinhvan/hd/base/MQ done
Event: 687.046 Thread 0x00007fc7bf8e6800 DEOPT PACKING pc=0x00000001058eabd1 sp=0x0000700003722490
Event: 687.046 Thread 0x00007fc7bf8e6800 DEOPT UNPACKING pc=0x000000010572f784 sp=0x0000700003722210 mode 1


Dynamic libraries:
0x00007fff2c3de000 	/System/Library/Frameworks/Cocoa.framework/Versions/A/Cocoa
0x00007fff389fa000 	/System/Library/Frameworks/Security.framework/Versions/A/Security
0x00007fff2b01f000 	/System/Library/Frameworks/ApplicationServices.framework/Versions/A/ApplicationServices
0x00007fff5492b000 	/usr/lib/libz.1.dylib
0x00007fff5285c000 	/usr/lib/libSystem.B.dylib
0x00007fff53f15000 	/usr/lib/libobjc.A.dylib
0x00007fff2cb91000 	/System/Library/Frameworks/CoreFoundation.framework/Versions/A/CoreFoundation
0x00007fff2ecf3000 	/System/Library/Frameworks/Foundation.framework/Versions/C/Foundation
0x00007fff2a16f000 	/System/Library/Frameworks/AppKit.framework/Versions/C/AppKit
0x00007fff2c756000 	/System/Library/Frameworks/CoreData.framework/Versions/A/CoreData
0x00007fff4c115000 	/System/Library/PrivateFrameworks/RemoteViewServices.framework/Versions/A/RemoteViewServices
0x00007fff5088e000 	/System/Library/PrivateFrameworks/UIFoundation.framework/Versions/A/UIFoundation
0x00007fff40f10000 	/System/Library/PrivateFrameworks/DFRFoundation.framework/Versions/A/DFRFoundation
0x00007fff3135f000 	/System/Library/Frameworks/Metal.framework/Versions/A/Metal
0x00007fff410ad000 	/System/Library/PrivateFrameworks/DesktopServicesPriv.framework/Versions/A/DesktopServicesPriv
0x00007fff53462000 	/usr/lib/libenergytrace.dylib
0x00007fff4e8fa000 	/System/Library/PrivateFrameworks/SkyLight.framework/Versions/A/SkyLight
0x00007fff2d034000 	/System/Library/Frameworks/CoreGraphics.framework/Versions/A/CoreGraphics
0x00007fff52857000 	/usr/lib/libScreenReader.dylib
0x00007fff29109000 	/System/Library/Frameworks/Accelerate.framework/Versions/A/Accelerate
0x00007fff2f46d000 	/System/Library/Frameworks/IOSurface.framework/Versions/A/IOSurface
0x00007fff2b569000 	/System/Library/Frameworks/AudioToolbox.framework/Versions/A/AudioToolbox
0x00007fff2b7f9000 	/System/Library/Frameworks/AudioUnit.framework/Versions/A/AudioUnit
0x00007fff40fa8000 	/System/Library/PrivateFrameworks/DataDetectorsCore.framework/Versions/A/DataDetectorsCore
0x00007fff2bed1000 	/System/Library/Frameworks/Carbon.framework/Versions/A/Frameworks/HIToolbox.framework/Versions/A/HIToolbox
0x00007fff535bc000 	/usr/lib/libicucore.A.dylib
0x00007fff37f77000 	/System/Library/Frameworks/QuartzCore.framework/Versions/A/QuartzCore
0x00007fff4db9c000 	/System/Library/PrivateFrameworks/SignpostNotification.framework/Versions/A/SignpostNotification
0x00007fff2c2b7000 	/System/Library/Frameworks/Carbon.framework/Versions/A/Frameworks/SpeechRecognition.framework/Versions/A/SpeechRecognition
0x00007fff529b8000 	/usr/lib/libauto.dylib
0x00007fff5481a000 	/usr/lib/libxml2.2.dylib
0x00007fff40b60000 	/System/Library/PrivateFrameworks/CoreUI.framework/Versions/A/CoreUI
0x00007fff2c632000 	/System/Library/Frameworks/CoreAudio.framework/Versions/A/CoreAudio
0x00007fff2eb2d000 	/System/Library/Frameworks/DiskArbitration.framework/Versions/A/DiskArbitration
0x00007fff53830000 	/usr/lib/liblangid.dylib
0x00007fff4861c000 	/System/Library/PrivateFrameworks/MultitouchSupport.framework/Versions/A/MultitouchSupport
0x00007fff2f3d0000 	/System/Library/Frameworks/IOKit.framework/Versions/A/IOKit
0x00007fff524e6000 	/usr/lib/libDiagnosticMessagesClient.dylib
0x00007fff2dd0a000 	/System/Library/Frameworks/CoreServices.framework/Versions/A/CoreServices
0x00007fff4a151000 	/System/Library/PrivateFrameworks/PerformanceAnalysis.framework/Versions/A/PerformanceAnalysis
0x00007fff37119000 	/System/Library/Frameworks/OpenGL.framework/Versions/A/OpenGL
0x00007fff2c3ec000 	/System/Library/Frameworks/ColorSync.framework/Versions/A/ColorSync
0x00007fff2d646000 	/System/Library/Frameworks/CoreImage.framework/Versions/A/CoreImage
0x00007fff2e69b000 	/System/Library/Frameworks/CoreText.framework/Versions/A/CoreText
0x00007fff2f4cb000 	/System/Library/Frameworks/ImageIO.framework/Versions/A/ImageIO
0x00007fff3d80c000 	/System/Library/PrivateFrameworks/Backup.framework/Versions/A/Backup
0x00007fff52908000 	/usr/lib/libarchive.2.dylib
0x00007fff2bb1c000 	/System/Library/Frameworks/CFNetwork.framework/Versions/A/CFNetwork
0x00007fff3918d000 	/System/Library/Frameworks/SystemConfiguration.framework/Versions/A/SystemConfiguration
0x00007fff5240f000 	/usr/lib/libCRFSuite.dylib
0x00007fff52a91000 	/usr/lib/libc++.1.dylib
0x00007fff52ae8000 	/usr/lib/libc++abi.dylib
0x00007fff549d9000 	/usr/lib/system/libcache.dylib
0x00007fff549de000 	/usr/lib/system/libcommonCrypto.dylib
0x00007fff549e9000 	/usr/lib/system/libcompiler_rt.dylib
0x00007fff549f1000 	/usr/lib/system/libcopyfile.dylib
0x00007fff549fb000 	/usr/lib/system/libcorecrypto.dylib
0x00007fff54b08000 	/usr/lib/system/libdispatch.dylib
0x00007fff54b42000 	/usr/lib/system/libdyld.dylib
0x00007fff54b60000 	/usr/lib/system/libkeymgr.dylib
0x00007fff54b6e000 	/usr/lib/system/liblaunch.dylib
0x00007fff54b6f000 	/usr/lib/system/libmacho.dylib
0x00007fff54b74000 	/usr/lib/system/libquarantine.dylib
0x00007fff54b77000 	/usr/lib/system/libremovefile.dylib
0x00007fff54b79000 	/usr/lib/system/libsystem_asl.dylib
0x00007fff54b91000 	/usr/lib/system/libsystem_blocks.dylib
0x00007fff54b92000 	/usr/lib/system/libsystem_c.dylib
0x00007fff54c1c000 	/usr/lib/system/libsystem_configuration.dylib
0x00007fff54c20000 	/usr/lib/system/libsystem_coreservices.dylib
0x00007fff54c24000 	/usr/lib/system/libsystem_darwin.dylib
0x00007fff54c26000 	/usr/lib/system/libsystem_dnssd.dylib
0x00007fff54c2d000 	/usr/lib/system/libsystem_info.dylib
0x00007fff54c9e000 	/usr/lib/system/libsystem_m.dylib
0x00007fff54cea000 	/usr/lib/system/libsystem_malloc.dylib
0x00007fff54d0a000 	/usr/lib/system/libsystem_network.dylib
0x00007fff54e3b000 	/usr/lib/system/libsystem_networkextension.dylib
0x00007fff54e46000 	/usr/lib/system/libsystem_notify.dylib
0x00007fff54e64000 	/usr/lib/system/libsystem_sandbox.dylib
0x00007fff54e68000 	/usr/lib/system/libsystem_secinit.dylib
0x00007fff54c77000 	/usr/lib/system/libsystem_kernel.dylib
0x00007fff54e50000 	/usr/lib/system/libsystem_platform.dylib
0x00007fff54e58000 	/usr/lib/system/libsystem_pthread.dylib
0x00007fff54e6a000 	/usr/lib/system/libsystem_symptoms.dylib
0x00007fff54e72000 	/usr/lib/system/libsystem_trace.dylib
0x00007fff54e87000 	/usr/lib/system/libunwind.dylib
0x00007fff54e8d000 	/usr/lib/system/libxpc.dylib
0x00007fff52322000 	/usr/lib/closure/libclosured.dylib
0x00007fff52a72000 	/usr/lib/libbsm.0.dylib
0x00007fff54b61000 	/usr/lib/system/libkxld.dylib
0x00007fff52720000 	/usr/lib/libOpenScriptingUtil.dylib
0x00007fff52de1000 	/usr/lib/libcoretls.dylib
0x00007fff52dfa000 	/usr/lib/libcoretls_cfhelpers.dylib
0x00007fff54316000 	/usr/lib/libpam.2.dylib
0x00007fff5443d000 	/usr/lib/libsqlite3.dylib
0x00007fff54809000 	/usr/lib/libxar.1.dylib
0x00007fff52a83000 	/usr/lib/libbz2.1.0.dylib
0x00007fff53832000 	/usr/lib/liblzma.5.dylib
0x00007fff53d13000 	/usr/lib/libnetwork.dylib
0x00007fff528f1000 	/usr/lib/libapple_nghttp2.dylib
0x00007fff5431d000 	/usr/lib/libpcap.A.dylib
0x00007fff529b9000 	/usr/lib/libboringssl.dylib
0x00007fff547a4000 	/usr/lib/libusrtcp.dylib
0x00007fff528f0000 	/usr/lib/libapple_crypto.dylib
0x00007fff2e08d000 	/System/Library/Frameworks/CoreServices.framework/Versions/A/Frameworks/FSEvents.framework/Versions/A/FSEvents
0x00007fff2dd80000 	/System/Library/Frameworks/CoreServices.framework/Versions/A/Frameworks/CarbonCore.framework/Versions/A/CarbonCore
0x00007fff2e255000 	/System/Library/Frameworks/CoreServices.framework/Versions/A/Frameworks/Metadata.framework/Versions/A/Metadata
0x00007fff2e306000 	/System/Library/Frameworks/CoreServices.framework/Versions/A/Frameworks/OSServices.framework/Versions/A/OSServices
0x00007fff2e367000 	/System/Library/Frameworks/CoreServices.framework/Versions/A/Frameworks/SearchKit.framework/Versions/A/SearchKit
0x00007fff2dd0b000 	/System/Library/Frameworks/CoreServices.framework/Versions/A/Frameworks/AE.framework/Versions/A/AE
0x00007fff2e096000 	/System/Library/Frameworks/CoreServices.framework/Versions/A/Frameworks/LaunchServices.framework/Versions/A/LaunchServices
0x00007fff2e058000 	/System/Library/Frameworks/CoreServices.framework/Versions/A/Frameworks/DictionaryServices.framework/Versions/A/DictionaryServices
0x00007fff2e3d6000 	/System/Library/Frameworks/CoreServices.framework/Versions/A/Frameworks/SharedFileList.framework/Versions/A/SharedFileList
0x00007fff32595000 	/System/Library/Frameworks/NetFS.framework/Versions/A/NetFS
0x00007fff488ad000 	/System/Library/PrivateFrameworks/NetAuth.framework/Versions/A/NetAuth
0x00007fff521b9000 	/System/Library/PrivateFrameworks/login.framework/Versions/A/Frameworks/loginsupport.framework/Versions/A/loginsupport
0x00007fff5050b000 	/System/Library/PrivateFrameworks/TCC.framework/Versions/A/TCC
0x00007fff53913000 	/usr/lib/libmecabra.dylib
0x00007fff2b020000 	/System/Library/Frameworks/ApplicationServices.framework/Versions/A/Frameworks/ATS.framework/Versions/A/ATS
0x00007fff2b3ce000 	/System/Library/Frameworks/ApplicationServices.framework/Versions/A/Frameworks/ColorSyncLegacy.framework/Versions/A/ColorSyncLegacy
0x00007fff2b472000 	/System/Library/Frameworks/ApplicationServices.framework/Versions/A/Frameworks/HIServices.framework/Versions/A/HIServices
0x00007fff2b4c5000 	/System/Library/Frameworks/ApplicationServices.framework/Versions/A/Frameworks/LangAnalysis.framework/Versions/A/LangAnalysis
0x00007fff2b4d4000 	/System/Library/Frameworks/ApplicationServices.framework/Versions/A/Frameworks/PrintCore.framework/Versions/A/PrintCore
0x00007fff2b521000 	/System/Library/Frameworks/ApplicationServices.framework/Versions/A/Frameworks/QD.framework/Versions/A/QD
0x00007fff2b55c000 	/System/Library/Frameworks/ApplicationServices.framework/Versions/A/Frameworks/SpeechSynthesis.framework/Versions/A/SpeechSynthesis
0x00007fff2caad000 	/System/Library/Frameworks/CoreDisplay.framework/Versions/A/CoreDisplay
0x00007fff29121000 	/System/Library/Frameworks/Accelerate.framework/Versions/A/Frameworks/vImage.framework/Versions/A/vImage
0x00007fff29e7b000 	/System/Library/Frameworks/Accelerate.framework/Versions/A/Frameworks/vecLib.framework/Versions/A/vecLib
0x00007fff29c1b000 	/System/Library/Frameworks/Accelerate.framework/Versions/A/Frameworks/vecLib.framework/Versions/A/libvDSP.dylib
0x00007fff2977b000 	/System/Library/Frameworks/Accelerate.framework/Versions/A/Frameworks/vecLib.framework/Versions/A/libBNNS.dylib
0x00007fff29b80000 	/System/Library/Frameworks/Accelerate.framework/Versions/A/Frameworks/vecLib.framework/Versions/A/libQuadrature.dylib
0x00007fff29dc9000 	/System/Library/Frameworks/Accelerate.framework/Versions/A/Frameworks/vecLib.framework/Versions/A/libvMisc.dylib
0x00007fff297aa000 	/System/Library/Frameworks/Accelerate.framework/Versions/A/Frameworks/vecLib.framework/Versions/A/libLAPACK.dylib
0x00007fff29620000 	/System/Library/Frameworks/Accelerate.framework/Versions/A/Frameworks/vecLib.framework/Versions/A/libBLAS.dylib
0x00007fff29b6a000 	/System/Library/Frameworks/Accelerate.framework/Versions/A/Frameworks/vecLib.framework/Versions/A/libLinearAlgebra.dylib
0x00007fff29b86000 	/System/Library/Frameworks/Accelerate.framework/Versions/A/Frameworks/vecLib.framework/Versions/A/libSparse.dylib
0x00007fff29c07000 	/System/Library/Frameworks/Accelerate.framework/Versions/A/Frameworks/vecLib.framework/Versions/A/libSparseBLAS.dylib
0x00007fff456ed000 	/System/Library/PrivateFrameworks/GPUWrangler.framework/Versions/A/GPUWrangler
0x00007fff46e7e000 	/System/Library/PrivateFrameworks/IOAccelerator.framework/Versions/A/IOAccelerator
0x00007fff46e89000 	/System/Library/PrivateFrameworks/IOPresentment.framework/Versions/A/IOPresentment
0x00007fff40f22000 	/System/Library/PrivateFrameworks/DSExternalDisplay.framework/Versions/A/DSExternalDisplay
0x00007fff36598000 	/System/Library/Frameworks/OpenGL.framework/Versions/A/Libraries/libCoreFSCache.dylib
0x00007fff2e7ec000 	/System/Library/Frameworks/CoreVideo.framework/Versions/A/CoreVideo
0x00007fff46468000 	/System/Library/PrivateFrameworks/GraphVisualizer.framework/Versions/A/GraphVisualizer
0x00007fff31596000 	/System/Library/Frameworks/MetalPerformanceShaders.framework/Versions/A/MetalPerformanceShaders
0x00007fff5251e000 	/usr/lib/libFosl_dynamic.dylib
0x00007fff41ff7000 	/System/Library/PrivateFrameworks/FaceCore.framework/Versions/A/FaceCore
0x00007fff35393000 	/System/Library/Frameworks/OpenCL.framework/Versions/A/OpenCL
0x00007fff52b1f000 	/usr/lib/libcompression.dylib
0x00007fff2b11f000 	/System/Library/Frameworks/ApplicationServices.framework/Versions/A/Frameworks/ATS.framework/Versions/A/Resources/libFontParser.dylib
0x00007fff2b242000 	/System/Library/Frameworks/ApplicationServices.framework/Versions/A/Frameworks/ATS.framework/Versions/A/Resources/libFontRegistry.dylib
0x00007fff2f733000 	/System/Library/Frameworks/ImageIO.framework/Versions/A/Resources/libJPEG.dylib
0x00007fff2fa5c000 	/System/Library/Frameworks/ImageIO.framework/Versions/A/Resources/libTIFF.dylib
0x00007fff2fa32000 	/System/Library/Frameworks/ImageIO.framework/Versions/A/Resources/libPng.dylib
0x00007fff2f646000 	/System/Library/Frameworks/ImageIO.framework/Versions/A/Resources/libGIF.dylib
0x00007fff2f64b000 	/System/Library/Frameworks/ImageIO.framework/Versions/A/Resources/libJP2.dylib
0x00007fff2fa59000 	/System/Library/Frameworks/ImageIO.framework/Versions/A/Resources/libRadiance.dylib
0x00007fff3cf36000 	/System/Library/PrivateFrameworks/AppleJPEG.framework/Versions/A/AppleJPEG
0x00007fff313fd000 	/System/Library/Frameworks/MetalPerformanceShaders.framework/Frameworks/MPSCore.framework/Versions/A/MPSCore
0x00007fff31419000 	/System/Library/Frameworks/MetalPerformanceShaders.framework/Frameworks/MPSImage.framework/Versions/A/MPSImage
0x00007fff314ae000 	/System/Library/Frameworks/MetalPerformanceShaders.framework/Frameworks/MPSNeuralNetwork.framework/Versions/A/MPSNeuralNetwork
0x00007fff31489000 	/System/Library/Frameworks/MetalPerformanceShaders.framework/Frameworks/MPSMatrix.framework/Versions/A/MPSMatrix
0x00007fff4837f000 	/System/Library/PrivateFrameworks/MetalTools.framework/Versions/A/MetalTools
0x00007fff36763000 	/System/Library/Frameworks/OpenGL.framework/Versions/A/Libraries/libGLU.dylib
0x00007fff365a3000 	/System/Library/Frameworks/OpenGL.framework/Versions/A/Libraries/libGFXShared.dylib
0x00007fff365ad000 	/System/Library/Frameworks/OpenGL.framework/Versions/A/Libraries/libGL.dylib
0x00007fff365b9000 	/System/Library/Frameworks/OpenGL.framework/Versions/A/Libraries/libGLImage.dylib
0x00007fff36595000 	/System/Library/Frameworks/OpenGL.framework/Versions/A/Libraries/libCVMSPluginSupport.dylib
0x00007fff3659e000 	/System/Library/Frameworks/OpenGL.framework/Versions/A/Libraries/libCoreVMClient.dylib
0x00007fff532cc000 	/usr/lib/libcups.2.dylib
0x00007fff30964000 	/System/Library/Frameworks/Kerberos.framework/Versions/A/Kerberos
0x00007fff2f12a000 	/System/Library/Frameworks/GSS.framework/Versions/A/GSS
0x00007fff543d0000 	/usr/lib/libresolv.9.dylib
0x00007fff534ca000 	/usr/lib/libiconv.2.dylib
0x00007fff464fa000 	/System/Library/PrivateFrameworks/Heimdal.framework/Versions/A/Heimdal
0x00007fff53499000 	/usr/lib/libheimdal-asn1.dylib
0x00007fff3540b000 	/System/Library/Frameworks/OpenDirectory.framework/Versions/A/OpenDirectory
0x00007fff3f24d000 	/System/Library/PrivateFrameworks/CommonAuth.framework/Versions/A/CommonAuth
0x00007fff353ee000 	/System/Library/Frameworks/OpenDirectory.framework/Versions/A/Frameworks/CFOpenDirectory.framework/Versions/A/CFOpenDirectory
0x00007fff38d26000 	/System/Library/Frameworks/SecurityFoundation.framework/Versions/A/SecurityFoundation
0x00007fff3c0fa000 	/System/Library/PrivateFrameworks/APFS.framework/Versions/A/APFS
0x00007fff54805000 	/usr/lib/libutil.dylib
0x00007fff3cfb9000 	/System/Library/PrivateFrameworks/AppleSauce.framework/Versions/A/AppleSauce
0x00007fff47666000 	/System/Library/PrivateFrameworks/LinguisticData.framework/Versions/A/LinguisticData
0x00007fff5384c000 	/usr/lib/libmarisa.dylib
0x00007fff47620000 	/System/Library/PrivateFrameworks/Lexicon.framework/Versions/A/Lexicon
0x00007fff52449000 	/usr/lib/libChineseTokenizer.dylib
0x00007fff52b0e000 	/usr/lib/libcmph.dylib
0x00007fff4752a000 	/System/Library/PrivateFrameworks/LanguageModeling.framework/Versions/A/LanguageModeling
0x00007fff3fd6a000 	/System/Library/PrivateFrameworks/CoreEmoji.framework/Versions/A/CoreEmoji
0x00007fff38de4000 	/System/Library/Frameworks/ServiceManagement.framework/Versions/A/ServiceManagement
0x00007fff3d804000 	/System/Library/PrivateFrameworks/BackgroundTaskManagement.framework/Versions/A/BackgroundTaskManagement
0x00007fff54902000 	/usr/lib/libxslt.1.dylib
0x00007fff2c1e1000 	/System/Library/Frameworks/Carbon.framework/Versions/A/Frameworks/Ink.framework/Versions/A/Ink
0x00007fff50720000 	/System/Library/PrivateFrameworks/TextureIO.framework/Versions/A/TextureIO
0x00007fff52933000 	/usr/lib/libate.dylib
0x00007fff40e81000 	/System/Library/PrivateFrameworks/CrashReporterSupport.framework/Versions/A/CrashReporterSupport
0x00007fff4da5c000 	/System/Library/PrivateFrameworks/Sharing.framework/Versions/A/Sharing
0x00007fff4726b000 	/System/Library/PrivateFrameworks/IconServices.framework/Versions/A/IconServices
0x00007fff3d434000 	/System/Library/PrivateFrameworks/AuthKit.framework/Versions/A/AuthKit
0x00007fff3cdb9000 	/System/Library/PrivateFrameworks/Apple80211.framework/Versions/A/Apple80211
0x00007fff40c96000 	/System/Library/PrivateFrameworks/CoreUtils.framework/Versions/A/CoreUtils
0x00007fff2e827000 	/System/Library/Frameworks/CoreWLAN.framework/Versions/A/CoreWLAN
0x00007fff2f26c000 	/System/Library/Frameworks/IOBluetooth.framework/Versions/A/IOBluetooth
0x00007fff4bf20000 	/System/Library/PrivateFrameworks/ProtocolBuffer.framework/Versions/A/ProtocolBuffer
0x00007fff48577000 	/System/Library/PrivateFrameworks/MobileKeyBag.framework/Versions/A/MobileKeyBag
0x00007fff4050e000 	/System/Library/PrivateFrameworks/CorePhoneNumbers.framework/Versions/A/CorePhoneNumbers
0x00007fff3cef1000 	/System/Library/PrivateFrameworks/AppleIDAuthSupport.framework/Versions/A/AppleIDAuthSupport
0x00007fff47516000 	/System/Library/PrivateFrameworks/KeychainCircle.framework/Versions/A/KeychainCircle
0x00007fff40e1c000 	/System/Library/PrivateFrameworks/CoreWiFi.framework/Versions/A/CoreWiFi
0x00007fff2c72c000 	/System/Library/Frameworks/CoreBluetooth.framework/Versions/A/CoreBluetooth
0x00007fff4106c000 	/System/Library/PrivateFrameworks/DebugSymbols.framework/Versions/A/DebugSymbols
0x00007fff40a4c000 	/System/Library/PrivateFrameworks/CoreSymbolication.framework/Versions/A/CoreSymbolication
0x00007fff4ff12000 	/System/Library/PrivateFrameworks/Symbolication.framework/Versions/A/Symbolication
0x00007fff3cde3000 	/System/Library/PrivateFrameworks/AppleFSCompression.framework/Versions/A/AppleFSCompression
0x00007fff4f35f000 	/System/Library/PrivateFrameworks/SpeechRecognitionCore.framework/Versions/A/SpeechRecognitionCore
0x0000000104600000 	/Library/Java/JavaVirtualMachines/jdk1.8.0_191.jdk/Contents/Home/jre/lib/server/libjvm.dylib
0x00007fff546d2000 	/usr/lib/libstdc++.6.0.9.dylib
0x00000001055b4000 	/Library/Java/JavaVirtualMachines/jdk1.8.0_191.jdk/Contents/Home/jre/lib/libverify.dylib
0x00000001055c2000 	/Library/Java/JavaVirtualMachines/jdk1.8.0_191.jdk/Contents/Home/jre/lib/libjava.dylib
0x00000001055f8000 	/Library/Java/JavaVirtualMachines/jdk1.8.0_191.jdk/Contents/Home/jre/lib/libjdwp.dylib
0x0000000103df8000 	/Library/Java/JavaVirtualMachines/jdk1.8.0_191.jdk/Contents/Home/jre/lib/libnpt.dylib
0x0000000105643000 	/Library/Java/JavaVirtualMachines/jdk1.8.0_191.jdk/Contents/Home/jre/lib/libinstrument.dylib
0x00000001056df000 	/Library/Java/JavaVirtualMachines/jdk1.8.0_191.jdk/Contents/Home/jre/lib/libzip.dylib
0x00000001214c2000 	/Library/Java/JavaVirtualMachines/jdk1.8.0_191.jdk/Contents/Home/jre/lib/libdt_socket.dylib
0x0000000121910000 	/Library/Java/JavaVirtualMachines/jdk1.8.0_191.jdk/Contents/Home/jre/lib/libnet.dylib
0x000000012196f000 	/Library/Java/JavaVirtualMachines/jdk1.8.0_191.jdk/Contents/Home/jre/lib/libmanagement.dylib
0x000000012197d000 	/Library/Java/JavaVirtualMachines/jdk1.8.0_191.jdk/Contents/Home/jre/lib/libnio.dylib

VM Arguments:
jvm_args: -agentlib:jdwp=transport=dt_socket,address=127.0.0.1:63180,suspend=y,server=n -XX:TieredStopAtLevel=1 -Xverify:none -Dspring.output.ansi.enabled=always -Dcom.sun.management.jmxremote -Dspring.jmx.enabled=true -Dspring.liveBeansView.mbeanDomain -Dspring.application.admin.enabled=true -javaagent:/Users/macbook/Library/Caches/IntelliJIdea2019.1/captureAgent/debugger-agent.jar -Dfile.encoding=UTF-8 
java_command: com.tinhvan.hd.AuthorizeApplication
java_class_path (initial): /Library/Java/JavaVirtualMachines/jdk1.8.0_191.jdk/Contents/Home/jre/lib/charsets.jar:/Library/Java/JavaVirtualMachines/jdk1.8.0_191.jdk/Contents/Home/jre/lib/deploy.jar:/Library/Java/JavaVirtualMachines/jdk1.8.0_191.jdk/Contents/Home/jre/lib/ext/cldrdata.jar:/Library/Java/JavaVirtualMachines/jdk1.8.0_191.jdk/Contents/Home/jre/lib/ext/dnsns.jar:/Library/Java/JavaVirtualMachines/jdk1.8.0_191.jdk/Contents/Home/jre/lib/ext/jaccess.jar:/Library/Java/JavaVirtualMachines/jdk1.8.0_191.jdk/Contents/Home/jre/lib/ext/jfxrt.jar:/Library/Java/JavaVirtualMachines/jdk1.8.0_191.jdk/Contents/Home/jre/lib/ext/localedata.jar:/Library/Java/JavaVirtualMachines/jdk1.8.0_191.jdk/Contents/Home/jre/lib/ext/nashorn.jar:/Library/Java/JavaVirtualMachines/jdk1.8.0_191.jdk/Contents/Home/jre/lib/ext/sunec.jar:/Library/Java/JavaVirtualMachines/jdk1.8.0_191.jdk/Contents/Home/jre/lib/ext/sunjce_provider.jar:/Library/Java/JavaVirtualMachines/jdk1.8.0_191.jdk/Contents/Home/jre/lib/ext/sunpkcs11.jar:/Library/Java/JavaVirtualMachines/jdk1.8.0_191.jdk/Contents/Home/jre/lib/ext/zipfs.jar:/Library/Java/JavaVirtualMachines/jdk1.8.0_191.jdk/Contents/Home/jre/lib/javaws.jar:/Library/Java/JavaVirtualMachines/jdk1.8.0_191.jdk/Contents/Home/jre/lib/jce.jar:/Library/Java/JavaVirtualMachines/jdk1.8.0_191.jdk/Contents/Home/jre/lib/jfr.jar:/Library/Java/JavaVirtualMachines/jdk1.8.0_191.jdk/Contents/Home/jre/lib/jfxswt.jar:/Library/Java/JavaVirtualMachines/jdk1.8.0_191.jdk/Contents/Home/jre/lib/jsse.jar:/Library/Java/JavaVirtualMachines/jdk1.8.0_191.jdk/Contents/Home/jre/lib/management-agent.jar:/Library/Java/JavaVirtualMachines/jdk1.8.0_191.jdk/Contents/Home/jre/lib/plugin.jar:/Library/Java/JavaVirtualMachines/jdk1.8.0_191.jdk/Contents/Home/jre/lib/resources.jar:/Library/Java/JavaVirtualMachines/jdk1.8.0_191.jdk/Contents/Home/jre/lib/rt.jar:/Library/Java/JavaVirtualMachines/jdk1.8.0_191.jdk/Contents/Home/lib/ant-javafx.jar:/Library/Java/JavaVirtualMachines/jdk1.8.0_191.jdk/Contents/Home
Launcher Type: SUN_STANDARD

Environment Variables:
PATH=/usr/local/bin:/usr/bin:/bin:/usr/sbin:/sbin:/Applications/VMware Fusion.app/Contents/Public:/usr/local/share/dotnet:~/.dotnet/tools:/Library/Frameworks/Mono.framework/Versions/Current/Commands:/Tuong-Nguyen/maven/apache-maven-3.6.1/bin:/usr/local/Cellar/rabbitmq/3.7.16/sbin/
SHELL=/bin/bash

Signal Handlers:
SIGSEGV: [libjvm.dylib+0x5b5de9], sa_mask[0]=11111111011111110111111111111111, sa_flags=SA_ONSTACK|SA_RESTART|SA_SIGINFO
SIGBUS: [libjvm.dylib+0x5b5de9], sa_mask[0]=11111111011111110111111111111111, sa_flags=SA_RESTART|SA_SIGINFO
SIGFPE: [libjvm.dylib+0x48b6b0], sa_mask[0]=11111111011111110111111111111111, sa_flags=SA_RESTART|SA_SIGINFO
SIGPIPE: [libjvm.dylib+0x48b6b0], sa_mask[0]=11111111011111110111111111111111, sa_flags=SA_RESTART|SA_SIGINFO
SIGXFSZ: [libjvm.dylib+0x48b6b0], sa_mask[0]=11111111011111110111111111111111, sa_flags=SA_RESTART|SA_SIGINFO
SIGILL: [libjvm.dylib+0x48b6b0], sa_mask[0]=11111111011111110111111111111111, sa_flags=SA_RESTART|SA_SIGINFO
SIGUSR1: SIG_DFL, sa_mask[0]=00000000000000000000000000000000, sa_flags=none
SIGUSR2: [libjvm.dylib+0x48b1ce], sa_mask[0]=00100000000000000000000000000000, sa_flags=SA_RESTART|SA_SIGINFO
SIGHUP: [libjvm.dylib+0x489759], sa_mask[0]=11111111011111110111111111111111, sa_flags=SA_RESTART|SA_SIGINFO
SIGINT: [libjvm.dylib+0x489759], sa_mask[0]=11111111011111110111111111111111, sa_flags=SA_RESTART|SA_SIGINFO
SIGTERM: [libjvm.dylib+0x489759], sa_mask[0]=11111111011111110111111111111111, sa_flags=SA_RESTART|SA_SIGINFO
SIGQUIT: [libjvm.dylib+0x489759], sa_mask[0]=11111111011111110111111111111111, sa_flags=SA_RESTART|SA_SIGINFO


---------------  S Y S T E M  ---------------

OS:Bsduname:Darwin 17.7.0 Darwin Kernel Version 17.7.0: Wed Feb 27 00:43:23 PST 2019; root:xnu-4570.71.35~1/RELEASE_X86_64 x86_64
rlimit: STACK 8192k, CORE 0k, NPROC 1418, NOFILE 10240, AS infinity
load average:3.37 3.22 2.94

CPU:total 4 (initial active 4) (2 cores per cpu, 2 threads per core) family 6 model 61 stepping 4, cmov, cx8, fxsr, mmx, sse, sse2, sse3, ssse3, sse4.1, sse4.2, popcnt, avx, avx2, aes, clmul, erms, 3dnowpref, lzcnt, ht, tsc, tscinvbit, bmi1, bmi2, adx

Memory: 4k page, physical 16777216k(311176k free)

/proc/meminfo:


vm_info: Java HotSpot(TM) 64-Bit Server VM (25.191-b12) for bsd-amd64 JRE (1.8.0_191-b12), built on Oct  6 2018 08:37:07 by "java_re" with gcc 4.2.1 (Based on Apple Inc. build 5658) (LLVM build 2336.11.00)

time: Fri Jul 26 14:08:50 2019
elapsed time: 687 seconds (0d 0h 11m 27s)

